<?xml version="1.0" encoding="UTF-8"?>
<!-- Generated by org.testng.reporters.JUnitReportReporter -->
<testsuite hostname="WIN7-1710271516" name="yaokx_web1.FirstTestNG" tests="1" failures="0" timestamp="5 Nov 2017 02:58:32 GMT" time="0.954" errors="0">
  <testcase name="testLogin" time="0.954" classname="yaokx_web1.FirstTestNG"/>
</testsuite> <!-- yaokx_web1.FirstTestNG -->
